Expected opening quote:  198 213 255   82 74 87
Expected opening quote:  198 213 255   203 7 102
Expected opening quote:  198 213 255   196 189 144
Expected opening quote:  198 213 255   166 214 64
Expected opening quote:  198 213 255   222 189 226
Expected opening quote:  198 213 255   213 220 223
Expected opening quote:  198 213 255   246 158 163
Expected opening quote:  198 213 255   171 109 153
Expected opening quote:  198 213 255   96 181 42
Expected opening quote:  198 213 255   127 224 193
Expected opening quote:  198 213 255   115 89 202
Expected opening quote:  198 213 255   167 137 175
Expected opening quote:  198 213 255   132 221 218
Expected opening quote:  198 213 255   118 190 182
Expected opening quote:  198 213 255   232 152 175
Expected opening quote:  198 213 255   67 212 45
Expected opening quote:  198 213 255   243 223 157
Expected opening quote:  198 213 255   99 33 105
Expected opening quote:  198 213 255   253 7 251
Expected opening quote:  198 213 255   44 250 191
Expected opening quote:  198 213 255   89 101 30
Expected opening quote:  198 213 255   242 179 132
Expected opening quote:  198 213 255   94 79 91
Expected opening quote:  198 213 255   10 164 14
Expected opening quote:  198 213 255   97 27 7
Expected opening quote:  198 213 255   204 32 178
Expected opening quote:  198 213 255   182 29 120
Expected opening quote:  198 213 255   139 125 197
Expected opening quote:  198 213 255   180 171 4
Expected opening quote:  198 213 255   156 17 158
Expected opening quote:  198 213 255   175 26 254
Expected opening quote:  198 213 255   86 48 144
Expected opening quote:  198 213 255   253 191 189
Expected opening quote:  198 213 255   14 49 241
Expected opening quote:  198 213 255   244 241 151
Expected opening quote:  198 213 255   25 105 24
Expected opening quote:  198 213 255   232 3 223
Expected opening quote:  198 213 255   204 44 88
Expected opening quote:  198 213 255   47 77 237
Expected opening quote:  198 213 255   125 208 8
Malformed line: "Mallen Island" 31 33 20
Expected opening quote:  198 213 255   128 171 125
Expected opening quote:  198 213 255   12 216 171
Expected opening quote:  198 213 255   44 18 11
Expected opening quote:  198 213 255   76 196 7
Expected opening quote:  198 213 255   214 90 9
Expected opening quote:  198 213 255   52 61 125
Expected opening quote:  198 213 255   210 216 204
Expected opening quote:  198 213 255   26 151 98
Expected opening quote:  198 213 255   119 227 169
Expected opening quote:  198 213 255   83 39 12
Expected opening quote:  198 213 255   25 206 245
Expected opening quote:  198 213 255   52 67 208
Expected opening quote:  198 213 255   15 240 6
Expected opening quote:  198 213 255   19 64 3
Expected opening quote:  198 213 255   172 158 50
Expected opening quote:  198 213 255   69 116 252
Expected opening quote:  198 213 255   72 45 204
Expected opening quote:  198 213 255   31 52 14
Expected opening quote:  198 213 255   54 243 43
Expected opening quote:  198 213 255   247 213 143
Expected opening quote:  198 213 255   204 68 165
Expected opening quote:  198 213 255   34 172 214
Expected opening quote:  198 213 255   97 119 141
Expected opening quote:  181 58 54   245 15 54
Expected opening quote:  79 119 116   72 224 59
Malformed line:  
Expected opening quote:  66 183 93   197 83 6
Expected opening quote:  66 183 93   215 213 2
Expected opening quote:  66 183 93   233 206 155
Expected opening quote:  66 183 93   100 171 57
Expected opening quote:  66 183 93   181 213 73
Expected opening quote:  66 183 93   68 184 53
Expected opening quote:  66 183 93   126 189 103
Expected opening quote:  66 183 93   205 80 75
Expected opening quote:  66 183 93   155 220 74
Expected opening quote:  66 183 93   83 202 208
Expected opening quote:  66 183 93   96 134 71
Expected opening quote:  66 183 93   44 122 26
Expected opening quote:  66 183 93   34 17 179
Expected opening quote:  66 183 93   173 182 126
Expected opening quote:  66 183 93   55 211 228
Expected opening quote:  66 183 93   44 212 81
Expected opening quote:  66 183 93   245 33 47
Expected opening quote:  66 183 93   254 39 233
Expected opening quote:  168 54 50   176 80 234
Malformed line:  
Expected opening quote:  224 72 105   120 7 156
Malformed line:  
Expected opening quote:  45 69 102   191 182 105
Expected opening quote:  45 69 102   239 200 189
Expected opening quote:  45 69 102   117 167 3
Expected opening quote:  45 69 102   186 191 164
Expected opening quote:  45 69 102   41 122 11
Expected opening quote:  45 69 102   45 66 164
Expected opening quote:  45 69 102   48 131 217
Malformed line:  
Expected opening quote:  193 62 58   158 167 20
Malformed line:  
Expected opening quote:  214 69 64   224 24 192
Malformed line:  
Expected opening quote:  201 65 60   97 66 73
Malformed line:  
Expected opening quote:  116 74 105   141 142 23
Expected opening quote:  116 74 105   205 104 151
Expected opening quote:  116 74 105   141 59 51
Expected opening quote:  116 74 105   55 112 85
Expected opening quote:  116 74 105   53 115 105
Expected opening quote:  116 74 105   243 175 216
Expected opening quote:  116 74 105   219 141 14
Expected opening quote:  116 74 105   88 121 117
Expected opening quote:  76 69 34   212 221 120
Expected opening quote:  76 69 34   187 37 129
Expected opening quote:  76 69 34   118 186 252
Expected opening quote:  76 69 34   112 7 82
Expected opening quote:  76 69 34   20 119 239
Expected opening quote:  76 69 34   206 117 61
Expected opening quote:  76 69 34   6 107 167
Expected opening quote:  76 69 34   41 196 152
Expected opening quote:  76 69 34   160 234 122
Expected opening quote:  76 69 34   215 73 183
Expected opening quote:  76 69 34   56 75 187
Expected opening quote:  76 69 34   46 91 241
Expected opening quote:  76 69 34   35 226 194
Expected opening quote:  76 69 34   130 77 153
Expected opening quote:  76 69 34   182 6 226
Expected opening quote:  76 69 34   41 118 7
Expected opening quote:  76 69 34   70 10 114
Expected opening quote:  76 69 34   121 43 142
Expected opening quote:  76 69 34   42 69 199
Expected opening quote:  76 69 34   198 194 133
Expected opening quote:  76 69 34   182 12 53
Expected opening quote:  76 69 34   102 142 65
Expected opening quote:  76 69 34   63 180 19
Expected opening quote:  76 69 34   174 231 23
Expected opening quote:  76 69 34   28 146 182
Expected opening quote:  76 69 34   244 32 92
Expected opening quote:  76 69 34   161 252 115
Expected opening quote:  76 69 34   141 145 102
Expected opening quote:  76 69 34   35 72 159
Expected opening quote:  76 69 34   206 141 138
Expected opening quote:  76 69 34   249 202 144
Expected opening quote:  76 69 34   13 106 29
Expected opening quote:  76 69 34   118 216 155
Expected opening quote:  76 69 34   159 126 117
Expected opening quote:  76 69 34   242 199 22
Expected opening quote:  76 69 34   217 30 232
Expected opening quote:  76 69 34   192 236 85
Expected opening quote:  76 69 34   17 158 201
Expected opening quote:  76 69 34   54 158 174
Expected opening quote:  76 69 34   155 86 112
Expected opening quote:  76 69 34   171 49 119
Expected opening quote:  76 69 34   206 153 48
Expected opening quote:  76 69 34   114 250 5
Expected opening quote:  76 69 34   255 189 96
Expected opening quote:  76 69 34   225 79 172
Expected opening quote:  76 69 34   131 24 84
Expected opening quote:  76 69 34   78 133 195
Expected opening quote:  76 69 34   175 255 99
Expected opening quote:  76 69 34   14 242 159
Expected opening quote:  76 69 34   216 199 225
Expected opening quote:  76 69 34   119 234 149
Expected opening quote:  76 69 34   85 197 36
Expected opening quote:  76 69 34   221 196 250
Expected opening quote:  76 69 34   121 80 129
Expected opening quote:  76 69 34   150 212 36
Expected opening quote:  76 69 34   156 187 77
Expected opening quote:  76 69 34   247 112 104
Expected opening quote:  76 69 34   17 93 222
Expected opening quote:  76 69 34   86 237 27
Expected opening quote:  76 69 34   47 139 137
Expected opening quote:  76 69 34   7 161 147
Expected opening quote:  76 69 34   74 154 164
Expected opening quote:  76 69 34   98 225 38
Expected opening quote:  76 69 34   184 224 131
Expected opening quote:  76 69 34   185 2 39
Expected opening quote:  76 69 34   207 177 124
Expected opening quote:  76 69 34   100 89 238
Expected opening quote:  76 69 34   227 100 229
Expected opening quote:  76 69 34   183 60 206
Expected opening quote:  76 69 34   74 77 19
Expected opening quote:  76 69 34   8 1 30
Expected opening quote:  76 69 34   90 194 90
Expected opening quote:  76 69 34   171 252 50
Expected opening quote:  76 69 34   103 24 17
Expected opening quote:  76 69 34   247 130 97
Expected opening quote:  76 69 34   199 165 141
Expected opening quote:  76 69 34   65 234 255
Expected opening quote:  76 69 34   207 189 35
Expected opening quote:  76 69 34   221 137 98
Expected opening quote:  76 69 34   213 183 40
Expected opening quote:  76 69 34   34 179 223
Expected opening quote:  76 69 34   46 231 242
Expected opening quote:  76 69 34   100 191 203
Expected opening quote:  76 69 34   47 163 214
Expected opening quote:  76 69 34   250 1 124
Expected opening quote:  76 69 34   46 65 41
Expected opening quote:  76 69 34   55 206 71
Expected opening quote:  76 69 34   128 20 65
Expected opening quote:  76 69 34   115 125 130
Expected opening quote:  76 69 34   122 116 116
Expected opening quote:  76 69 34   1 99 129
Expected opening quote:  76 69 34   114 181 21
Expected opening quote:  76 69 34   56 212 154
Expected opening quote:  62 151 105   189 44 124
Expected opening quote:  62 151 105   108 39 35
Expected opening quote:  62 151 105   176 48 252
Expected opening quote:  62 151 105   243 176 113
Expected opening quote:  62 151 105   160 20 236
Expected opening quote:  62 151 105   34 197 216
Expected opening quote:  138 183 93   228 47 160
Expected opening quote:  104 54 49   79 187 175
Expected opening quote:  104 54 49   208 214 111
Expected opening quote:  104 54 49   208 232 75
Expected opening quote:  104 54 49   185 94 173
Expected opening quote:  104 54 49   248 161 1
Expected opening quote:  104 54 49   246 28 176
Expected opening quote:  104 54 49   30 58 38
Expected opening quote:  224 151 105   219 102 205
Expected opening quote:  101 204 204   151 11 16
Expected opening quote:  101 204 204   189 146 89
Expected opening quote:  101 204 204   184 103 20
Expected opening quote:  101 204 204   242 244 170
Expected opening quote:  101 204 204   215 164 135
Expected opening quote:  101 204 204   208 226 21
Expected opening quote:  101 204 204   73 24 191
Expected opening quote:  101 204 204   171 177 240
Expected opening quote:  101 204 204   99 23 17
Expected opening quote:  93 73 104   218 182 143
Expected opening quote:  93 73 104   123 248 211
Expected opening quote:  93 73 104   176 72 72
Expected opening quote:  93 73 104   229 16 89
Expected opening quote:  93 73 104   132 186 113
Expected opening quote:  93 73 104   248 179 250
Expected opening quote:  93 73 104   172 100 95
Expected opening quote:  93 73 104   9 55 10
Expected opening quote:  93 73 104   123 153 102
Expected opening quote:  93 73 104   109 242 222
Expected opening quote:  93 73 104   72 175 221
Expected opening quote:  93 73 104   120 57 205
Expected opening quote:  93 73 104   104 251 25
Expected opening quote:  93 73 104   130 97 43
Expected opening quote:  93 73 104   49 212 111
Expected opening quote:  93 73 104   222 191 78
Expected opening quote:  93 73 104   246 142 52
Expected opening quote:  93 73 104   227 170 139
Expected opening quote:  93 73 104   15 126 190
Expected opening quote:  93 73 104   230 117 55
Expected opening quote:  93 73 104   209 250 98
Expected opening quote:  93 73 104   59 119 168
Expected opening quote:  93 73 104   144 87 117
Expected opening quote:  93 73 104   57 5 51
Expected opening quote:  93 73 104   161 235 77
Expected opening quote:  93 73 104   52 116 46
Expected opening quote:  93 73 104   91 11 63
Expected opening quote:  93 73 104   130 26 237
Expected opening quote:  193 159 36   19 12 161
Expected opening quote:  193 159 36   121 75 198
Expected opening quote:  193 159 36   30 67 199
Expected opening quote:  193 159 36   109 94 15
Expected opening quote:  193 159 36   209 6 8
Expected opening quote:  193 159 36   180 167 29
Expected opening quote:  193 159 36   130 170 184
Expected opening quote:  193 159 36   164 124 68
Expected opening quote:  193 159 36   133 133 44
Expected opening quote:  193 159 36   145 50 219
Expected opening quote:  193 159 36   49 236 187
Expected opening quote:  193 159 36   209 31 55
Expected opening quote:  193 159 36   219 52 185
Expected opening quote:  193 159 36   185 151 173
Expected opening quote:  193 159 36   215 179 124
Expected opening quote:  193 159 36   159 241 146
Expected opening quote:  193 159 36   124 189 89
Expected opening quote:  193 159 36   216 129 60
Expected opening quote:  193 159 36   30 168 165
Expected opening quote:  193 159 36   185 157 0
Expected opening quote:  193 159 36   20 202 182
Expected opening quote:  193 159 36   152 155 51
Expected opening quote:  193 159 36   177 120 225
Expected opening quote:  193 159 36   202 206 43
Expected opening quote:  193 159 36   77 7 124
Expected opening quote:  193 159 36   164 142 61
Expected opening quote:  193 159 36   59 205 219
Expected opening quote:  193 159 36   124 47 191
Expected opening quote:  193 159 36   209 30 84
Expected opening quote:  193 159 36   167 6 5
Expected opening quote:  193 159 36   102 81 61
Expected opening quote:  193 159 36   122 105 102
Expected opening quote:  193 159 36   77 186 234
Expected opening quote:  193 159 36   74 174 54
Expected opening quote:  193 159 36   220 175 178
Expected opening quote:  193 159 36   110 41 202
Expected opening quote:  193 159 36   105 133 233
Expected opening quote:  193 159 36   58 47 121
Expected opening quote:  193 159 36   73 146 229
Expected opening quote:  193 159 36   3 23 151
Expected opening quote:  193 159 36   210 42 250
Expected opening quote:  193 159 36   32 54 122
Expected opening quote:  193 159 36   88 164 128
Expected opening quote:  193 159 36   228 224 119
Expected opening quote:  193 159 36   49 84 202
Expected opening quote:  193 159 36   167 108 227
Expected opening quote:  193 159 36   178 145 46
Expected opening quote:  193 159 36   188 46 20
Expected opening quote:  193 159 36   49 174 1
Expected opening quote:  193 159 36   122 124 95
Expected opening quote:  193 159 36   3 2 153
Expected opening quote:  193 159 36   53 171 26
Expected opening quote:  193 159 36   125 225 75
Expected opening quote:  193 159 36   68 16 153
Expected opening quote:  193 159 36   244 162 109
Expected opening quote:  193 159 36   250 2 50
Expected opening quote:  193 159 36   191 153 83
Expected opening quote:  193 159 36   174 212 59
Expected opening quote:  193 159 36   50 29 84
Expected opening quote:  193 159 36   181 221 8
Expected opening quote:  193 159 36   163 129 196
Expected opening quote:  193 159 36   101 114 240
Expected opening quote:  193 159 36   102 28 248
Expected opening quote:  193 159 36   18 233 71
Expected opening quote:  193 159 36   210 67 71
Expected opening quote:  193 159 36   18 149 99
Expected opening quote:  193 159 36   60 75 5
Expected opening quote:  193 159 36   186 206 152
Expected opening quote:  193 159 36   248 137 136
Expected opening quote:  193 159 36   96 232 62
Expected opening quote:  193 159 36   93 83 37
Expected opening quote:  193 159 36   89 56 168
Expected opening quote:  193 159 36   192 255 49
Expected opening quote:  193 159 36   251 20 44
Expected opening quote:  193 159 36   117 225 2
Expected opening quote:  193 159 36   153 209 31
Expected opening quote:  193 159 36   211 79 237
Expected opening quote:  193 159 36   139 197 215
Expected opening quote:  193 159 36   46 158 72
Expected opening quote:  193 159 36   37 69 169
Expected opening quote:  193 159 36   220 36 103
Expected opening quote:  193 159 36   189 165 235
Expected opening quote:  193 159 36   51 53 160
Expected opening quote:  193 159 36   168 61 241
Expected opening quote:  193 159 36   135 40 73
Expected opening quote:  193 159 36   59 96 18
Expected opening quote:  193 159 36   46 81 182
Expected opening quote:  193 159 36   203 100 162
Expected opening quote:  193 159 36   126 6 62
Expected opening quote:  193 159 36   175 159 246
Expected opening quote:  193 159 36   203 156 53
Expected opening quote:  193 159 36   59 102 101
Expected opening quote:  193 159 36   107 105 241
Expected opening quote:  105 78 114   196 14 67
Expected opening quote:  15 115 191   179 193 198
Expected opening quote:  15 115 191   161 236 230
Expected opening quote:  15 115 191   249 251 12
Expected opening quote:  15 115 191   38 87 163
Expected opening quote:  15 115 191   146 107 21
Expected opening quote:  15 115 191   168 162 207
Expected opening quote:  15 115 191   211 103 57
Expected opening quote:  15 115 191   126 36 192
Expected opening quote:  15 115 191   18 68 205
Expected opening quote:  15 115 191   251 50 203
Expected opening quote:  15 115 191   164 88 37
Expected opening quote:  76 69 85   119 33 70
Expected opening quote:  76 69 85   222 248 151
Expected opening quote:  76 69 85   69 71 133
Expected opening quote:  51 78 114   22 121 121
Expected opening quote:  51 78 114   187 248 222
Expected opening quote:  219 204 201   160 48 31
Expected opening quote:  219 204 201   48 139 167
Expected opening quote:  219 204 201   211 115 224
Expected opening quote:  219 204 201   247 84 52
Expected opening quote:  219 204 201   4 152 16
Expected opening quote:  219 204 201   102 169 220
Expected opening quote:  219 204 201   136 243 4
Expected opening quote:  219 204 201   211 223 243
Expected opening quote:  219 204 201   180 217 19
Expected opening quote:  219 204 201   147 76 207
Expected opening quote:  219 204 201   221 161 145
Expected opening quote:  219 204 201   252 68 196
Expected opening quote:  219 204 201   90 160 212
Expected opening quote:  219 204 201   98 30 42
Expected opening quote:  219 204 201   126 42 49
Expected opening quote:  219 204 201   27 46 83
Expected opening quote:  219 204 201   161 150 253
Expected opening quote:  219 204 201   124 202 151
Expected opening quote:  219 204 201   22 56 142
Expected opening quote:  219 204 201   219 72 75
Expected opening quote:  219 204 201   52 101 57
Expected opening quote:  219 204 201   140 251 195
Expected opening quote:  219 204 201   79 117 83
Expected opening quote:  37 56 84   231 59 85
Expected opening quote:  37 56 84   189 186 51
Expected opening quote:  37 56 84   62 92 87
Expected opening quote:  37 56 84   212 140 44
Expected opening quote:  37 56 84   233 179 29
Expected opening quote:  37 56 84   232 62 149
Expected opening quote:  37 56 84   60 151 254
Expected opening quote:  37 56 84   79 39 194
Expected opening quote:  37 56 84   141 91 77
Expected opening quote:  37 56 84   95 156 10
Expected opening quote:  37 56 84   48 86 98
Expected opening quote:  37 56 84   108 242 193
Expected opening quote:  37 56 84   124 221 145
Expected opening quote:  37 56 84   204 127 61
Expected opening quote:  37 56 84   198 69 47
Expected opening quote:  37 56 84   212 152 210
Expected opening quote:  37 56 84   98 227 146
Expected opening quote:  37 56 84   218 145 215
Expected opening quote:  37 56 84   167 13 15
Expected opening quote:  37 56 84   51 194 161
Expected opening quote:  37 56 84   233 25 251
Expected opening quote:  37 56 84   52 126 133
Expected opening quote:  37 56 84   127 91 172
Expected opening quote:  37 56 84   51 27 217
Expected opening quote:  37 56 84   188 41 119
Expected opening quote:  37 56 84   133 239 241
Expected opening quote:  37 56 84   248 216 177
Expected opening quote:  37 56 84   127 78 35
Expected opening quote:  37 56 84   134 189 177
Expected opening quote:  37 56 84   119 143 197
Expected opening quote:  37 56 84   189 47 202
Expected opening quote:  37 56 84   194 7 43
Expected opening quote:  37 56 84   241 129 83
Expected opening quote:  70 74 181   181 10 172
Expected opening quote:  70 74 181   120 11 160
Expected opening quote:  136 105 73   165 238 155
Expected opening quote:  136 105 73   167 32 8
Expected opening quote:  62 167 168   233 9 80
Expected opening quote:  62 167 168   212 22 223
Expected opening quote:  62 167 168   213 176 31
Expected opening quote:  62 167 168   85 66 122
Expected opening quote:  62 167 168   190 56 93
Expected opening quote:  62 167 168   125 251 48
Expected opening quote:  74 186 211   251 246 96
Expected opening quote:  74 186 211   163 149 85
Expected opening quote:  74 186 211   224 65 124
Expected opening quote:  74 186 211   28 101 63
Expected opening quote:  74 186 211   194 108 9
Expected opening quote:  74 186 211   61 193 67
Expected opening quote:  74 186 211   247 206 90
Expected opening quote:  74 186 211   92 254 183
Expected opening quote:  74 186 211   213 188 197
Expected opening quote:  74 186 211   206 114 239
Expected opening quote:  74 186 211   176 139 159
Expected opening quote:  74 186 211   232 114 65
Expected opening quote:  74 186 211   223 145 63
Expected opening quote:  135 135 105   0 83 3
Expected opening quote:  176 161 196   181 34 248
Expected opening quote:  176 161 196   106 106 137
Expected opening quote:  176 161 196   137 149 33
Expected opening quote:  176 161 196   125 13 42
Expected opening quote:  176 161 196   177 62 14
Expected opening quote:  176 161 196   142 146 57
Expected opening quote:  176 161 196   128 115 22
Expected opening quote:  176 161 196   242 76 14
Expected opening quote:  176 161 196   77 137 141
Expected opening quote:  176 161 196   253 147 253
Expected opening quote:  176 161 196   109 214 200
Expected opening quote:  176 161 196   7 187 91
Expected opening quote:  176 161 196   53 174 30
Expected opening quote:  176 161 196   99 26 126
Expected opening quote:  176 161 196   251 104 227
Expected opening quote:  176 161 196   104 4 186
Expected opening quote:  176 161 196   20 88 109
Expected opening quote:  176 161 196   107 207 103
Expected opening quote:  176 161 196   214 212 17
Expected opening quote:  176 161 196   192 209 216
Expected opening quote:  176 161 196   148 50 37
Expected opening quote:  176 161 196   190 95 99
Expected opening quote:  176 161 196   166 197 253
Expected opening quote:  176 161 196   185 206 93
Expected opening quote:  176 161 196   96 229 239
Expected opening quote:  176 161 196   7 116 29
Expected opening quote:  176 161 196   24 230 81
Expected opening quote:  176 161 196   254 165 246
Expected opening quote:  176 161 196   35 29 119
Expected opening quote:  176 161 196   242 184 63
Expected opening quote:  176 161 196   214 224 183
Expected opening quote:  176 161 196   57 1 76
Expected opening quote:  176 161 196   135 133 103
Expected opening quote:  176 161 196   41 214 116
Expected opening quote:  176 161 196   138 96 220
Expected opening quote:  176 161 196   22 140 11
Expected opening quote:  176 161 196   54 198 107
Expected opening quote:  176 161 196   86 121 102
Expected opening quote:  176 161 196   224 14 105
Expected opening quote:  176 161 196   62 242 220
Expected opening quote:  176 161 196   220 141 43
Expected opening quote:  176 161 196   36 75 193
Expected opening quote:  176 161 196   129 151 8
Expected opening quote:  176 161 196   93 219 107
Expected opening quote:  176 161 196   35 131 85
Expected opening quote:  176 161 196   62 248 47
Expected opening quote:  176 161 196   25 165 102
Expected opening quote:  176 161 196   29 245 99
Expected opening quote:  176 161 196   182 83 145
Expected opening quote:  176 161 196   79 41 91
Expected opening quote:  176 161 196   82 226 43
Expected opening quote:  176 161 196   41 232 109
Expected opening quote:  176 161 196   64 167 139
Expected opening quote:  176 161 196   1 137 239
Expected opening quote:  176 161 196   214 249 4
Expected opening quote:  176 161 196   44 96 53
Expected opening quote:  176 161 196   107 43 237
Expected opening quote:  176 161 196   255 196 149
Expected opening quote:  176 161 196   82 148 154
Expected opening quote:  176 161 196   207 8 101
Expected opening quote:  176 161 196   225 137 98
Expected opening quote:  176 161 196   243 131 250
Expected opening quote:  176 161 196   110 96 153
Expected opening quote:  176 161 196   191 138 169
Expected opening quote:  176 161 196   78 108 148
Expected opening quote:  176 161 196   136 114 199
Expected opening quote:  176 161 196   215 5 170
Expected opening quote:  176 161 196   165 144 169
Expected opening quote:  176 161 196   93 127 47
Expected opening quote:  176 161 196   105 58 166
Expected opening quote:  176 161 196   54 47 121
Expected opening quote:  176 161 196   44 198 19
Expected opening quote:  176 161 196   183 107 221
Expected opening quote:  176 161 196   65 136 68
Expected opening quote:  176 161 196   54 136 177
Expected opening quote:  176 161 196   255 214 143
Expected opening quote:  176 161 196   8 220 73
Expected opening quote:  176 161 196   186 5 73
Expected opening quote:  136 62 73   130 188 251
Expected opening quote:  136 62 73   201 107 201
Expected opening quote:  155 120 168   249 124 29
Expected opening quote:  155 120 168   127 92 98
Expected opening quote:  155 120 168   196 116 3
Expected opening quote:  155 120 168   51 47 107
Expected opening quote:  155 120 168   55 247 3
Expected opening quote:  155 120 168   58 56 56
Expected opening quote:  191 72 72   168 91 115
Expected opening quote:  191 72 72   234 205 32
Expected opening quote:  191 72 72   107 246 168
Expected opening quote:  191 72 72   151 67 119
Expected opening quote:  191 72 72   215 29 247
Expected opening quote:  89 155 120   151 240 146
Expected opening quote:  89 155 120   65 37 181
Expected opening quote:  89 155 120   63 40 200
Expected opening quote:  89 155 120   253 99 55
Expected opening quote:  89 155 120   229 66 109
Expected opening quote:  89 155 120   98 46 212
Expected opening quote:  89 155 120   222 146 215
Expected opening quote:  89 155 120   197 217 225
Expected opening quote:  89 155 120   127 110 91
Expected opening quote:  89 155 120   122 187 178
Expected opening quote:  89 155 120   30 43 79
Expected opening quote:  89 155 120   216 41 157
Expected opening quote:  89 155 120   16 31 7
Expected opening quote:  89 155 120   51 120 247
Expected opening quote:  89 155 120   170 159 217
Expected opening quote:  89 155 120   225 254 22
Expected opening quote:  89 155 120   66 0 27
Expected opening quote:  89 155 120   56 15 80
Expected opening quote:  89 155 120   45 151 33
Expected opening quote:  89 155 120   140 2 249
Expected opening quote:  89 155 120   192 186 65
Expected opening quote:  89 155 120   51 43 102
Expected opening quote:  89 155 120   80 191 209
Expected opening quote:  89 155 120   131 224 238
Expected opening quote:  89 155 120   52 250 38
Expected opening quote:  89 155 120   208 118 229
Expected opening quote:  89 155 120   192 192 148
Expected opening quote:  89 155 120   112 67 160
Expected opening quote:  89 155 120   73 104 115
Expected opening quote:  89 155 120   184 155 118
Expected opening quote:  70 74 39   38 71 21
Expected opening quote:  62 62 73   254 213 187
Expected opening quote:  97 105 158   171 177 210
Expected opening quote:  97 105 158   151 69 197
Expected opening quote:  97 105 158   45 253 255
Expected opening quote:  130 119 145   216 65 233
Expected opening quote:  130 119 145   3 127 240
Expected opening quote:  130 119 145   23 31 125
Expected opening quote:  130 119 145   128 140 251
Expected opening quote:  130 119 145   169 51 213
Expected opening quote:  130 119 145   251 124 117
Expected opening quote:  130 119 145   227 210 71
Expected opening quote:  130 119 145   202 161 180
Expected opening quote:  130 119 145   27 83 41
Expected opening quote:  130 119 145   64 83 14
Expected opening quote:  130 119 145   165 10 207
Expected opening quote:  130 119 145   181 229 215
Expected opening quote:  130 119 145   216 78 143
Expected opening quote:  130 119 145   124 174 100
Expected opening quote:  130 119 145   9 114 191
Expected opening quote:  130 119 145   235 3 12
Expected opening quote:  130 119 145   141 205 180
Expected opening quote:  130 119 145   88 57 34
Expected opening quote:  130 119 145   185 180 194
Expected opening quote:  130 119 145   24 166 254
Expected opening quote:  130 119 145   226 124 64
Expected opening quote:  130 119 145   129 159 244
Expected opening quote:  130 119 145   95 122 131
Expected opening quote:  130 119 145   231 120 89
Expected opening quote:  130 119 145   131 4 224
Expected opening quote:  130 119 145   160 137 131
Expected opening quote:  155 167 168   166 112 172
Expected opening quote:  155 167 168   1 37 199
Expected opening quote:  155 167 168   27 18 62
Expected opening quote:  155 167 168   96 162 122
Expected opening quote:  155 167 168   57 64 233
Expected opening quote:  155 167 168   17 86 243
Expected opening quote:  155 167 168   84 79 3
Expected opening quote:  155 167 168   108 149 133
Expected opening quote:  155 167 168   194 148 226
Expected opening quote:  155 167 168   195 182 134
Expected opening quote:  155 167 168   217 102 220
Expected opening quote:  155 167 168   110 14 77
Expected opening quote:  155 167 168   237 24 68
Expected opening quote:  155 167 168   193 241 45
Expected opening quote:  155 167 168   84 2 114
Expected opening quote:  155 167 168   18 181 125
Expected opening quote:  155 167 168   100 119 185
Expected opening quote:  155 167 168   181 176 146
Expected opening quote:  155 167 168   113 205 112
Expected opening quote:  155 167 168   1 55 192
Expected opening quote:  155 167 168   209 89 236
Expected opening quote:  155 167 168   75 159 94
Expected opening quote:  155 167 168   217 114 130
Expected opening quote:  155 167 168   231 61 193
Expected opening quote:  155 167 168   223 108 135
Expected opening quote:  155 167 168   44 104 62
Expected opening quote:  155 167 168   56 156 81
Expected opening quote:  155 167 168   110 115 42
Expected opening quote:  155 167 168   57 88 53
Expected opening quote:  155 167 168   4 181 219
Expected opening quote:  155 167 168   56 245 136
Expected opening quote:  155 167 168   65 131 167
Expected opening quote:  155 167 168   138 201 161
Expected opening quote:  155 167 168   125 50 225
Expected opening quote:  155 167 168   132 41 211
Expected opening quote:  155 167 168   11 24 224
Expected opening quote:  155 167 168   124 106 116
Expected opening quote:  155 167 168   66 137 250
Expected opening quote:  135 78 105   199 225 219
Expected opening quote:  206 140 140   118 220 130
Expected opening quote:  206 140 140   186 228 91
Expected opening quote:  86 58 58   253 101 208
Expected opening quote:  86 58 58   170 201 75
Expected opening quote:  86 58 58   44 122 55
Expected opening quote:  86 58 58   238 227 0
Expected opening quote:  86 58 58   89 112 14
Expected opening quote:  86 58 58   218 138 206
Expected opening quote:  86 58 58   218 157 170
Expected opening quote:  178 128 105   195 18 12
Expected opening quote:  79 142 96   2 85 96
Expected opening quote:  79 142 96   0 209 15
Expected opening quote:  97 151 105   40 239 133
Expected opening quote:  99 196 43   229 27 44
Expected opening quote:  99 196 43   161 191 111
Expected opening quote:  72 158 72   199 70 184
Expected opening quote:  72 158 72   194 27 115
Expected opening quote:  72 158 72   252 168 9
Expected opening quote:  72 158 72   225 89 230
Expected opening quote:  72 158 72   218 150 117
Expected opening quote:  72 158 72   83 204 31
Expected opening quote:  72 158 72   181 101 79
Expected opening quote:  58 39 62   109 204 113
Expected opening quote:  158 109 75   228 107 238
Expected opening quote:  158 109 75   133 173 50
Expected opening quote:  158 109 75   186 252 168
Expected opening quote:  255 178 0   239 196 185
Expected opening quote:  255 125 56   142 111 208
Expected opening quote:  145 98 98   2 103 89
Expected opening quote:  145 98 98   182 24 190
Expected opening quote:  145 98 98   19 236 105
Expected opening quote:  145 98 98   133 77 197
Expected opening quote:  145 98 98   118 167 62
Expected opening quote:  168 114 114   82 99 60
Expected opening quote:  58 97 62   130 237 44
Expected opening quote:  58 97 62   114 176 120
Expected opening quote:  58 87 62   140 21 138
Expected opening quote:  93 74 105   58 137 206
Expected opening quote:  93 128 105   232 116 173
Expected opening quote:  93 128 105   0 66 147
Expected opening quote:  93 128 105   237 94 234
Expected opening quote:  74 85 211   25 50 29
Expected opening quote:  74 85 211   240 42 150
Expected opening quote:  74 85 211   219 175 193
Expected opening quote:  74 85 211   69 44 7
Expected opening quote:  74 85 211   153 12 212
Expected opening quote:  74 85 211   67 186 146
Expected opening quote:  74 85 211   171 160 172
Expected opening quote:  74 85 211   62 41 141
Expected opening quote:  74 85 211   101 191 159
Expected opening quote:  74 85 211   140 206 76
Expected opening quote:  216 178 41   29 192 0
Expected opening quote:  216 178 41   131 0 38
Expected opening quote:  216 178 41   40 248 39
Expected opening quote:  216 178 41   119 18 110
Expected opening quote:  216 178 41   219 187 103
Expected opening quote:  216 178 41   190 91 124
Expected opening quote:  216 178 41   140 95 23
Expected opening quote:  216 178 41   174 48 163
Expected opening quote:  216 178 41   143 58 140
Expected opening quote:  216 178 41   155 231 58
Expected opening quote:  0 0 120   59 161 26
Expected opening quote:  219 149 149   219 211 150
Expected opening quote:  247 168 168   229 233 24
Expected opening quote:  58 87 119   195 76 12
Expected opening quote:  175 155 255   225 103 219
Expected opening quote:  175 155 255   169 166 241
Expected opening quote:  175 155 255   134 114 184
Expected opening quote:  175 155 255   226 54 155
Expected opening quote:  175 155 255   40 93 4
Expected opening quote:  175 155 255   195 82 95
Expected opening quote:  175 155 255   30 127 21
Expected opening quote:  175 155 255   162 79 146
Expected opening quote:  175 155 255   187 45 64
Expected opening quote:  175 155 255   212 131 138
Expected opening quote:  155 255 168   87 188 219
Expected opening quote:  155 255 168   174 67 157
Expected opening quote:  155 255 168   69 130 58
Expected opening quote:  155 255 168   134 227 30
Expected opening quote:  85 98 98   219 211 180
Expected opening quote:  155 147 168   176 187 101
Expected opening quote:  155 147 168   112 6 156
Expected opening quote:  155 147 168   132 30 197
Expected opening quote:  155 147 168   87 111 74
Expected opening quote:  155 147 168   84 98 149
Expected opening quote:  155 147 168   230 100 17
Expected opening quote:  155 147 168   120 221 42
Expected opening quote:  93 128 195   115 58 72
Expected opening quote:  93 128 195   68 228 216
Expected opening quote:  93 128 195   83 71 68
Expected opening quote:  93 128 195   13 204 246
Expected opening quote:  93 128 195   220 223 90
Expected opening quote:  93 128 195   42 234 217
Expected opening quote:  64 96 47   98 89 223
Expected opening quote:  96 60 81   238 149 214
Expected opening quote:  85 170 193   59 9 41
Expected opening quote:  85 170 193   177 32 66
Expected opening quote:  85 170 193   188 69 141
Expected opening quote:  85 170 193   198 226 115
Expected opening quote:  85 170 193   59 98 96
Expected opening quote:  85 170 193   132 48 190
Expected opening quote:  197 182 219   13 182 248
Expected opening quote:  197 182 219   63 95 121
Expected opening quote:  197 182 219   135 150 171
Expected opening quote:  206 190 229   77 197 248
Expected opening quote:  255 242 0   254 87 204
Expected opening quote:  142 154 158   4 182 146
Expected opening quote:  142 154 158   201 78 179
Expected opening quote:  142 154 158   184 137 154
Expected opening quote:  142 154 158   60 209 179
Expected opening quote:  142 154 158   191 146 104
Expected opening quote:  142 154 158   173 54 35
Expected opening quote:  142 154 158   111 39 79
Expected opening quote:  142 154 158   112 209 87
Expected opening quote:  142 154 158   28 157 166
Expected opening quote:  142 154 158   220 247 166
Expected opening quote:  142 154 158   28 74 194
Expected opening quote:  142 154 158   70 255 100
Expected opening quote:  142 154 158   196 130 248
Expected opening quote:  201 128 195   2 62 231
Expected opening quote:  198 47 67   106 156 157
Expected opening quote:  234 226 0   103 8 132
Expected opening quote:  234 226 0   99 236 7
Expected opening quote:  234 226 0   201 180 144
Expected opening quote:  234 226 0   4 200 139
Expected opening quote:  234 226 0   127 150 97
Expected opening quote:  234 226 0   163 134 126
Expected opening quote:  86 191 154   221 3 76
Expected opening quote:  86 191 154   149 122 54
Expected opening quote:  86 188 86   56 83 167
Expected opening quote:  86 188 86   47 249 9
Expected opening quote:  86 188 86   230 216 198
Expected opening quote:  86 188 86   199 90 74
Expected opening quote:  61 108 140   61 234 255
Expected opening quote:  219 207 41   178 241 81
Expected opening quote:  219 207 41   145 220 168
Expected opening quote:  234 193 44   69 21 113
Expected opening quote:  234 193 44   56 5 22
Expected opening quote:  234 193 44   213 25 1
Expected opening quote:  234 193 44   135 186 157
Expected opening quote:  234 193 44   185 84 85
Expected opening quote:  239 57 81   213 80 148
Expected opening quote:  215 198 239   69 27 196
Expected opening quote:  201 197 195   117 29 80
Expected opening quote:  201 197 195   206 195 162
Expected opening quote:  68 63 140   189 118 38
Expected opening quote:  85 87 135   171 161 69
Expected opening quote:  85 87 135   3 175 107
Expected opening quote:  85 87 135   48 11 2
Expected opening quote:  85 87 135   156 32 117
Expected opening quote:  85 87 135   178 87 46
Expected opening quote:  85 87 135   221 28 153
Expected opening quote:  85 87 135   135 217 31
Expected opening quote:  85 87 135   28 249 44
Expected opening quote:  85 87 135   5 231 42
Expected opening quote:  85 87 135   174 13 132
Expected opening quote:  85 87 135   128 214 165
Expected opening quote:  85 87 135   232 172 247
Expected opening quote:  85 87 135   79 251 228
Expected opening quote:  85 87 135   32 45 216
Expected opening quote:  85 87 135   197 173 61
Expected opening quote:  85 87 135   170 229 127
Expected opening quote:  85 87 135   57 63 6
Expected opening quote:  48 142 142   221 40 63
Expected opening quote:  48 142 142   1 9 148
Expected opening quote:  48 142 142   14 76 111
Expected opening quote:  48 142 142   112 94 59
Expected opening quote:  48 142 142   146 167 99
Expected opening quote:  48 142 142   221 148 82
Expected opening quote:  48 142 142   190 142 114
Expected opening quote:  48 142 142   157 0 46
Expected opening quote:  48 142 142   231 86 240
Expected opening quote:  48 142 142   6 249 36
Expected opening quote:  48 142 142   100 84 51
Expected opening quote:  48 142 142   108 211 137
Expected opening quote:  48 142 142   136 223 144
Expected opening quote:  48 142 142   36 227 179
Expected opening quote:  48 142 142   171 74 92
Expected opening quote:  48 142 142   134 127 247
Expected opening quote:  105 159 175   32 236 237
Expected opening quote:  105 159 175   229 252 170
Expected opening quote:  105 159 175   62 26 152
Expected opening quote:  105 159 175   150 176 34
Expected opening quote:  105 159 175   89 41 179
Expected opening quote:  105 159 175   241 240 180
Expected opening quote:  93 99 140   199 111 146
Expected opening quote:  105 132 165   72 17 182
Expected opening quote:  105 132 165   222 64 139
Expected opening quote:  105 132 165   243 104 124
Expected opening quote:  105 132 165   242 243 244
Expected opening quote:  105 132 165   70 75 93
Expected opening quote:  105 132 165   89 220 34
Expected opening quote:  105 132 165   151 16 173
Expected opening quote:  105 132 165   105 81 105
Expected opening quote:  105 132 165   58 10 193
Expected opening quote:  105 132 165   118 167 32
Expected opening quote:  105 132 165   134 145 240
Expected opening quote:  105 132 165   214 52 156
Expected opening quote:  105 132 165   208 249 142
Expected opening quote:  105 132 165   222 76 50
Expected opening quote:  105 132 165   108 152 241
Expected opening quote:  105 132 165   228 70 55
Expected opening quote:  105 132 165   177 194 110
Expected opening quote:  105 132 165   61 118 1
Expected opening quote:  105 132 165   243 205 90
Expected opening quote:  105 132 165   62 50 229
Expected opening quote:  105 132 165   137 15 11
Expected opening quote:  105 132 165   61 208 56
Expected opening quote:  105 132 165   198 221 214
Expected opening quote:  105 132 165   143 163 80
Expected opening quote:  105 132 165   2 140 17
Expected opening quote:  105 132 165   137 3 130
Expected opening quote:  105 132 165   144 114 16
Expected opening quote:  105 132 165   129 68 36
Expected opening quote:  105 132 165   199 227 41
Expected opening quote:  105 132 165   204 187 138
Expected opening quote:  105 132 165   251 54 178
Expected opening quote:  105 132 165   191 190 11
Expected opening quote:  105 132 165   130 191 0
Expected opening quote:  105 132 165   175 163 251
Expected opening quote:  62 142 93   177 212 103
Expected opening quote:  109 122 57   243 190 175
Expected opening quote:  109 122 57   222 202 62
Expected opening quote:  109 122 57   223 101 126
Expected opening quote:  109 122 57   94 247 218
Expected opening quote:  109 122 57   200 236 188
Expected opening quote:  109 122 57   135 176 144
Expected opening quote:  109 122 57   5 171 191
Expected opening quote:  109 122 57   173 73 181
Expected opening quote:  109 122 57   234 245 220
Expected opening quote:  130 134 255   38 26 159
Expected opening quote:  130 134 255   204 33 104
Expected opening quote:  130 134 255   71 118 163
Expected opening quote:  130 134 255   1 131 185
Expected opening quote:  130 134 255   102 179 22
Expected opening quote:  100 196 109   223 113 36
Expected opening quote:  182 147 109   216 39 78
Expected opening quote:  182 147 109   186 64 255
Expected opening quote:  182 147 109   242 38 160
Expected opening quote:  182 147 109   233 69 158
Expected opening quote:  33 33 33   10 7 98
Expected opening quote:  33 33 33   191 215 87
Expected opening quote:  33 33 33   116 31 232
Expected opening quote:  33 33 33   147 73 128
Expected opening quote:  69 158 158   135 194 137
Expected opening quote:  69 158 158   187 242 109
Expected opening quote:  96 94 92   152 70 153
Expected opening quote:  96 94 92   138 39 117
Expected opening quote:  96 94 92   251 1 109
Expected opening quote:  255 142 245   87 62 236
Expected opening quote:  97 78 70   7 72 92
Expected opening quote:  97 78 70   119 138 40
Expected opening quote:  69 82 93   17 112 186
Expected opening quote:  255 142 93   63 99 125
Expected opening quote:  97 124 70   109 206 221
Expected opening quote:  59 70 99   5 29 67
Expected opening quote:  59 70 99   114 185 26
Expected opening quote:  85 85 193   30 13 205
Expected opening quote:  85 85 193   117 132 198
Expected opening quote:  85 85 193   224 137 113
Expected opening quote:  85 85 193   202 134 55
Expected opening quote:  85 85 193   158 230 132
Expected opening quote:  85 85 193   200 20 194
Expected opening quote:  85 85 193   176 122 92
Expected opening quote:  85 85 193   195 131 189
Expected opening quote:  85 85 193   106 154 78
Expected opening quote:  85 85 193   17 41 124
Expected opening quote:  85 85 193   34 154 176
Expected opening quote:  85 85 193   8 90 85
Expected opening quote:  85 85 193   45 210 214
Expected opening quote:  85 85 193   252 109 158
Expected opening quote:  85 85 193   224 149 23
Expected opening quote:  68 68 153   67 182 171
Expected opening quote:  234 230 121   144 57 199
Expected opening quote:  234 230 121   51 139 211
Expected opening quote:  234 230 121   148 20 59
Expected opening quote:  234 230 121   32 65 106
Expected opening quote:  234 230 121   64 123 202
Expected opening quote:  176 178 255   96 46 198
Expected opening quote:  176 178 255   234 195 200
Expected opening quote:  176 178 255   72 166 59
Expected opening quote:  176 178 255   230 66 139
Expected opening quote:  176 178 255   46 0 33
Expected opening quote:  198 144 111   139 76 104
Expected opening quote:  198 144 111   103 144 203
Expected opening quote:  198 144 111   45 55 180
Expected opening quote:  234 205 93   72 172 143
Expected opening quote:  234 205 93   35 89 197
Expected opening quote:  234 205 93   39 169 194
Expected opening quote:  55 90 137   192 7 240
Expected opening quote:  55 90 137   89 221 186
Expected opening quote:  135 155 96   92 150 139
Expected opening quote:  97 211 97   51 157 204
Expected opening quote:  97 211 97   74 92 234
Expected opening quote:  97 211 97   11 62 78
Expected opening quote:  97 211 97   224 173 99
Expected opening quote:  97 211 97   53 21 148
Expected opening quote:  69 103 142   117 224 76
Expected opening quote:  69 103 142   8 120 245
Expected opening quote:  69 103 142   92 73 249
Expected opening quote:  41 99 140   217 189 197
Expected opening quote:  79 104 137   235 62 193
Expected opening quote:  79 104 137   253 56 89
Expected opening quote:  79 104 137   120 20 248
Expected opening quote:  79 104 137   201 62 8
Expected opening quote:  79 104 137   88 33 244
Expected opening quote:  117 113 85   146 38 38
Expected opening quote:  117 113 85   225 185 9
Expected opening quote:  117 113 85   175 69 9
Expected opening quote:  117 113 85   103 51 143
Expected opening quote:  153 74 43   115 239 6
Expected opening quote:  153 74 43   64 227 216
Expected opening quote:  153 74 43   54 123 114
Expected opening quote:  153 74 43   193 31 60
Expected opening quote:  153 74 43   75 61 163
Expected opening quote:  153 74 43   64 61 16
Expected opening quote:  153 74 43   9 139 238
Expected opening quote:  153 74 43   18 145 168
Expected opening quote:  153 74 43   196 186 169
Expected opening quote:  153 74 43   140 112 90
Expected opening quote:  153 74 43   210 31 40
Expected opening quote:  153 74 43   3 49 124
Expected opening quote:  153 74 43   137 17 193
Expected opening quote:  153 74 43   206 40 98
Expected opening quote:  153 74 43   61 227 202
Expected opening quote:  153 74 43   65 172 99
Expected opening quote:  153 74 43   68 236 151
Expected opening quote:  153 74 43   178 16 211
Expected opening quote:  153 74 43   244 129 127
Expected opening quote:  153 74 43   117 171 7
Expected opening quote:  153 74 43   161 247 214
Expected opening quote:  153 74 43   225 210 86
Expected opening quote:  153 74 43   161 164 242
Expected opening quote:  153 74 43   75 218 20
Expected opening quote:  153 74 43   73 221 39
Expected opening quote:  153 74 43   7 24 151
Expected opening quote:  153 74 43   239 246 205
Expected opening quote:  153 74 43   108 226 52
Expected opening quote:  147 176 255   232 71 54
Expected opening quote:  147 176 255   206 142 64
Expected opening quote:  147 176 255   137 35 186
Expected opening quote:  147 176 255   132 112 17
Expected opening quote:  147 176 255   40 224 174
Expected opening quote:  234 205 121   226 222 252
Expected opening quote:  105 158 0   26 212 102
Expected opening quote:  105 158 0   61 45 87
Expected opening quote:  55 62 137   180 84 56
Expected opening quote:  160 56 0   235 178 118
Expected opening quote:  160 56 0   76 180 122
Expected opening quote:  160 56 0   66 196 175
Expected opening quote:  160 56 0   55 76 128
Expected opening quote:  160 56 0   150 182 88
Expected opening quote:  104 90 83   202 111 161
Expected opening quote:  242 185 142   61 224 197
Expected opening quote:  242 185 142   90 115 49
Expected opening quote:  242 185 142   140 149 77
Expected opening quote:  242 185 142   62 174 133
Expected opening quote:  242 185 142   218 43 68
Expected opening quote:  242 185 142   202 117 244
Expected opening quote:  242 185 142   122 247 0
Expected opening quote:  242 185 142   83 29 210
Expected opening quote:  242 185 142   194 80 213
Expected opening quote:  242 185 142   48 251 117
Expected opening quote:  242 185 142   8 138 26
Expected opening quote:  242 185 142   181 102 50
Expected opening quote:  78 164 119   161 250 36
Expected opening quote:  78 164 119   55 177 94
Expected opening quote:  78 164 119   226 246 72
Expected opening quote:  90 122 73   12 51 79
Expected opening quote:  173 193 255   33 211 220
Expected opening quote:  79 137 89   138 65 90
Expected opening quote:  79 137 89   179 231 52
Expected opening quote:  167 136 135   5 48 212
Expected opening quote:  167 136 135   237 135 166
Expected opening quote:  167 136 135   212 86 20
Expected opening quote:  167 136 135   37 8 136
Expected opening quote:  167 136 135   74 7 109
Expected opening quote:  167 136 135   175 191 46
Expected opening quote:  167 136 135   190 154 54
Expected opening quote:  167 136 135   226 2 239
Expected opening quote:  167 136 135   134 99 195
Expected opening quote:  167 136 135   19 39 30
Expected opening quote:  255 133 170   245 184 107
Expected opening quote:  80 122 57   151 129 19
Expected opening quote:  80 122 57   98 238 130
Expected opening quote:  113 153 91   194 104 34
Expected opening quote:  182 174 190   34 91 93
Expected opening quote:  119 94 80   236 48 160
Expected opening quote:  206 75 1   139 83 83
Expected opening quote:  206 75 1   105 47 227
Expected opening quote:  206 75 1   241 45 184
Expected opening quote:  206 75 1   141 185 63
Expected opening quote:  206 75 1   169 61 226
Expected opening quote:  206 75 1   176 36 12
Expected opening quote:  206 75 1   11 217 38
Expected opening quote:  206 75 1   37 199 157
Expected opening quote:  206 75 1   106 87 218
Expected opening quote:  206 75 1   67 244 72
Expected opening quote:  158 74 66   27 10 82
Expected opening quote:  158 74 66   94 3 98
Expected opening quote:  158 74 66   117 74 228
Expected opening quote:  183 93 14   204 73 66
Expected opening quote:  78 78 119   205 107 230
Expected opening quote:  78 78 119   227 26 59
Expected opening quote:  137 48 0   120 194 172
Expected opening quote:  137 48 0   247 205 164
Expected opening quote:  137 48 0   203 165 141
Expected opening quote:  137 48 0   94 182 209
Expected opening quote:  137 48 0   28 106 220
Expected opening quote:  137 48 0   110 43 25
Expected opening quote:  137 48 0   191 101 241
Expected opening quote:  137 48 0   123 129 208
Expected opening quote:  137 48 0   11 236 32
Expected opening quote:  137 48 0   219 14 75
Expected opening quote:  137 48 0   85 83 190
Expected opening quote:  137 48 0   227 39 225
Expected opening quote:  137 48 0   241 242 33
Expected opening quote:  137 48 0   233 32 230
Expected opening quote:  137 48 0   54 28 157
Expected opening quote:  137 48 0   66 81 176
Expected opening quote:  137 48 0   120 40 138
Expected opening quote:  66 67 110   67 13 148
Expected opening quote:  66 67 110   14 106 59
Expected opening quote:  66 67 110   66 170 232
Expected opening quote:  66 67 110   75 56 6
Expected opening quote:  66 67 110   148 126 0
Expected opening quote:  66 67 110   135 231 64
Expected opening quote:  66 67 110   142 221 50
Expected opening quote:  66 67 110   21 204 64
Expected opening quote:  66 67 110   134 30 212
Expected opening quote:  66 67 110   76 62 89
Expected opening quote:  66 67 110   209 150 58
Expected opening quote:  86 61 47   128 144 226
Expected opening quote:  137 114 56   196 153 187
Expected opening quote:  128 155 73   7 25 47
Expected opening quote:  99 198 180   180 125 170
Expected opening quote:  99 198 180   54 46 151
Expected opening quote:  99 198 180   248 152 95
Expected opening quote:  99 198 180   99 37 110
Expected opening quote:  117 178 85   228 63 46
Expected opening quote:  137 109 37   227 81 9
Expected opening quote:  178 94 49   205 199 108
Expected opening quote:  178 94 49   12 10 191
Expected opening quote:  178 94 49   10 133 111
Expected opening quote:  183 93 105   50 164 228
Expected opening quote:  119 87 68   239 208 139
Expected opening quote:  196 163 139   171 116 206
Expected opening quote:  204 119 91   209 251 24
Expected opening quote:  204 119 91   204 208 210
Expected opening quote:  204 119 91   6 93 105
Expected opening quote:  204 119 91   235 13 70
Expected opening quote:  204 119 91   228 75 212
Expected opening quote:  204 119 91   93 129 126
Expected opening quote:  204 119 91   191 26 174
Expected opening quote:  153 103 85   119 129 208
Expected opening quote:  36 44 130   238 32 78
Expected opening quote:  36 44 130   142 97 146
Expected opening quote:  36 44 130   196 177 7
Expected opening quote:  36 44 130   249 121 24
Expected opening quote:  36 44 130   152 36 48
Expected opening quote:  36 44 130   12 28 184
Expected opening quote:  36 44 130   191 205 29
Expected opening quote:  36 44 130   29 160 200
Expected opening quote:  165 130 70   143 2 37
Expected opening quote:  12 17 63   128 91 157
Expected opening quote:  12 17 63   92 24 156
Expected opening quote:  12 17 63   140 162 140
Expected opening quote:  12 17 63   124 101 215
Expected opening quote:  12 17 63   150 202 234
Expected opening quote:  12 17 63   68 61 45
Expected opening quote:  12 17 63   242 41 12
Expected opening quote:  12 17 63   10 247 242
Expected opening quote:  12 17 63   247 19 73
Expected opening quote:  147 78 119   35 231 124
Expected opening quote:  201 74 43   250 222 246
Expected opening quote:  201 74 43   229 99 32
Expected opening quote:  15 22 79   79 224 103
Expected opening quote:  15 22 79   163 192 52
Expected opening quote:  188 133 103   77 110 242
Expected opening quote:  188 133 103   181 84 12
Expected opening quote:  188 133 103   72 221 236
Expected opening quote:  188 133 103   111 116 254
Expected opening quote:  188 133 103   150 131 172
Expected opening quote:  188 133 103   39 117 96
Expected opening quote:  188 133 103   141 180 133
Expected opening quote:  45 63 226   50 172 134
Expected opening quote:  45 63 226   129 199 206
Expected opening quote:  45 63 226   229 111 198
Expected opening quote:  153 116 65   200 16 219
Expected opening quote:  63 26 35   149 20 118
Expected opening quote:  63 26 35   184 229 3
Expected opening quote:  63 26 35   153 239 235
Expected opening quote:  63 26 35   165 155 154
Expected opening quote:  63 26 35   69 85 122
Expected opening quote:  175 164 119   229 136 245
Expected opening quote:  175 164 119   239 157 120
Expected opening quote:  175 164 119   205 0 107
Expected opening quote:  175 164 119   235 28 58
Expected opening quote:  175 164 119   179 90 80
Expected opening quote:  175 164 119   144 38 23
Expected opening quote:  175 164 119   236 234 250
Expected opening quote:  175 164 119   50 18 100
Expected opening quote:  175 164 119   205 7 190
Expected opening quote:  183 0 9   40 52 117
Expected opening quote:  183 0 9   172 4 242
Expected opening quote:  183 0 9   197 226 160
Expected opening quote:  183 0 9   222 56 234
Expected opening quote:  183 0 9   97 113 58
Expected opening quote:  183 0 9   184 247 252
Expected opening quote:  21 30 109   79 54 154
Expected opening quote:  21 30 109   144 152 126
Expected opening quote:  21 30 109   229 136 19
Expected opening quote:  58 74 66   186 111 196
Expected opening quote:  58 74 66   122 186 252
Expected opening quote:  119 32 5   141 211 36
Expected opening quote:  119 32 5   97 35 169
Expected opening quote:  119 32 5   94 23 244
Expected opening quote:  119 32 5   240 24 113
Expected opening quote:  119 32 5   130 146 137
Expected opening quote:  119 32 5   125 239 168
Expected opening quote:  119 32 5   78 153 55
Expected opening quote:  119 32 5   93 251 163
Expected opening quote:  119 32 5   23 129 86
Expected opening quote:  119 32 5   230 148 185
Expected opening quote:  119 32 5   52 159 56
Expected opening quote:  119 32 5   108 13 62
Expected opening quote:  119 32 5   248 73 53
Expected opening quote:  183 49 9   69 190 136
Expected opening quote:  183 49 9   187 213 162
Expected opening quote:  183 49 9   198 250 236
Expected opening quote:  109 0 5   208 151 211
Expected opening quote:  109 0 5   69 23 192
Expected opening quote:  109 0 5   142 229 30
Expected opening quote:  109 0 5   22 107 88
Expected opening quote:  109 0 5   73 20 216
Expected opening quote:  109 0 5   145 75 10
Expected opening quote:  109 0 5   87 121 87
Expected opening quote:  109 0 5   8 11 44
Expected opening quote:  109 0 5   14 107 241
Expected opening quote:  109 0 5   211 3 18
Expected opening quote:  109 0 5   194 62 250
Expected opening quote:  153 56 45   70 134 18
Expected opening quote:  153 56 45   201 71 199
Expected opening quote:  153 56 45   183 234 130
Expected opening quote:  153 56 45   121 220 175
Expected opening quote:  137 96 35   122 133 183
Expected opening quote:  151 120 137   38 82 6
Expected opening quote:  151 120 137   230 172 5
Expected opening quote:  151 120 137   38 254 33
Expected opening quote:  151 120 137   80 180 196
Expected opening quote:  151 120 137   206 55 87
Expected opening quote:  137 178 150   12 242 70
Expected opening quote:  137 178 150   116 81 252
Expected opening quote:  165 117 58   113 189 227
Expected opening quote:  165 117 58   109 161 102
Expected opening quote:  181 111 61   211 104 240
Expected opening quote:  255 135 71   14 125 234
Expected opening quote:  63 55 41   137 74 193
Expected opening quote:  96 62 92   173 58 221
Expected opening quote:  73 42 66   230 184 172
Expected opening quote:  73 42 66   159 46 150
Expected opening quote:  86 173 157   66 7 6
Expected opening quote:  204 168 148   57 174 104
Expected opening quote:  119 56 29   240 141 37
Expected opening quote:  137 81 150   209 15 169
Expected opening quote:  151 168 160   71 158 95
Expected opening quote:  211 57 10   188 166 176
Expected opening quote:  137 57 77   155 145 7
Expected opening quote:  149 255 135   79 201 208
Expected opening quote:  149 255 135   66 186 117
Expected opening quote:  149 255 135   223 206 96
Expected opening quote:  149 255 135   145 111 253
Expected opening quote:  149 255 135   195 9 181
Expected opening quote:  149 255 135   223 5 243
Expected opening quote:  149 255 135   79 207 35
Expected opening quote:  149 255 135   127 210 175
Expected opening quote:  149 255 135   216 119 1
Expected opening quote:  149 255 135   199 42 133
Expected opening quote:  149 255 135   181 86 164
Expected opening quote:  149 255 135   13 100 202
Expected opening quote:  149 255 135   58 192 97
Expected opening quote:  149 255 135   166 212 212
Expected opening quote:  149 255 135   188 12 141
Expected opening quote:  149 255 135   231 208 248
Expected opening quote:  149 255 135   145 142 126
Expected opening quote:  149 255 135   38 174 139
Expected opening quote:  149 255 135   15 155 138
Expected opening quote:  149 255 135   184 193 228
Expected opening quote:  149 255 135   138 138 4
Expected opening quote:  149 255 135   242 97 86
Expected opening quote:  149 255 135   89 176 67
Expected opening quote:  149 255 135   42 226 55
Expected opening quote:  149 255 135   207 97 157
Expected opening quote:  149 255 135   180 153 222
Expected opening quote:  149 255 135   67 244 101
Expected opening quote:  149 255 135   231 221 158
Expected opening quote:  149 255 135   11 189 243
Expected opening quote:  149 255 135   24 1 206
Expected opening quote:  181 64 25   122 18 154
Expected opening quote:  181 64 25   156 92 195
Expected opening quote:  181 64 25   231 72 177
Expected opening quote:  204 116 69   199 67 209
Expected opening quote:  137 107 59   167 181 141
Expected opening quote:  224 0 11   241 11 79
Expected opening quote:  224 0 11   16 174 131
Expected opening quote:  224 0 11   109 9 146
Expected opening quote:  224 0 11   118 135 232
Expected opening quote:  224 0 11   146 147 239
Expected opening quote:  224 0 11   46 152 18
Expected opening quote:  224 0 11   181 255 187
Expected opening quote:  224 0 11   144 52 86
Expected opening quote:  224 0 11   42 161 76
Expected opening quote:  224 0 11   239 177 9
Expected opening quote:  224 0 11   72 207 248
Expected opening quote:  178 126 62   160 101 130
Expected opening quote:  112 79 61   99 222 18
Expected opening quote:  145 114 97   250 164 20
Expected opening quote:  84 35 47   209 35 241
Expected opening quote:  84 39 21   82 197 21
Expected opening quote:  117 130 124   232 245 235
Expected opening quote:  137 113 100   253 29 220
Expected opening quote:  96 17 58   252 167 83
Expected opening quote:  96 17 58   80 0 188
Expected opening quote:  96 17 58   99 145 129
Expected opening quote:  155 116 69   161 196 12
Expected opening quote:  168 45 8   115 5 200
Expected opening quote:  153 88 61   68 191 33
Expected opening quote:  153 88 61   128 92 127
Expected opening quote:  39 54 196   144 70 79
Expected opening quote:  39 54 196   224 232 251
Expected opening quote:  72 73 0   218 174 237
Expected opening quote:  72 73 0   232 1 145
Expected opening quote:  198 117 103   118 76 80
Expected opening quote:  97 125 163   238 251 150
Expected opening quote:  47 48 0   187 119 205
Expected opening quote:  47 48 0   71 43 96
Expected opening quote:  47 48 0   253 130 185
Expected opening quote:  47 48 0   72 231 68
Expected opening quote:  47 48 0   147 196 106
Expected opening quote:  47 48 0   71 132 151
Expected opening quote:  132 96 51   208 146 54
Expected opening quote:  105 39 165   153 88 176
Expected opening quote:  242 211 157   12 65 112
Expected opening quote:  204 146 102   147 184 226
Expected opening quote:  204 146 102   154 39 111
Expected opening quote:  204 146 102   139 249 131
Expected opening quote:  204 177 89   208 152 137
Expected opening quote:  204 177 89   214 112 234
Expected opening quote:  204 177 89   5 235 17
Expected opening quote:  204 177 89   201 115 106
Expected opening quote:  204 177 89   140 116 95
Expected opening quote:  204 177 89   185 87 90
Expected opening quote:  204 177 89   187 137 198
Expected opening quote:  188 62 20   253 114 15
Expected opening quote:  188 62 20   232 127 157
Expected opening quote:  109 100 117   233 25 221
Expected opening quote:  71 80 165   104 172 57
Expected opening quote:  99 6 0   210 161 27
Expected opening quote:  99 6 0   145 100 239
Expected opening quote:  99 6 0   15 96 30
Expected opening quote:  99 6 0   183 254 20
Expected opening quote:  99 6 0   244 170 59
Expected opening quote:  216 54 0   48 206 254
Expected opening quote:  216 54 0   214 213 199
Expected opening quote:  28 39 142   81 42 2
Expected opening quote:  28 39 142   11 55 24
Expected opening quote:  175 43 0   112 104 117
Expected opening quote:  99 63 114   233 37 131
Expected opening quote:  109 147 117   226 219 173
Expected opening quote:  163 89 117   196 244 94
Expected opening quote:  22 32 114   252 219 0
Expected opening quote:  226 142 77   243 250 253
Expected opening quote:  226 142 77   19 188 193
Expected opening quote:  226 142 77   201 139 183
Expected opening quote:  206 51 0   126 211 72
Expected opening quote:  206 99 64   157 254 223
Expected opening quote:  60 68 140   145 118 232
Expected opening quote:  206 158 0   196 167 205
Expected opening quote:  206 158 0   162 251 248
Expected opening quote:  206 158 0   148 220 212
Expected opening quote:  206 158 0   5 182 205
Expected opening quote:  206 158 0   97 242 75
Expected opening quote:  206 158 0   17 252 187
Expected opening quote:  206 158 0   129 63 135
Expected opening quote:  206 158 0   27 36 25
Expected opening quote:  206 158 0   73 23 221
Expected opening quote:  206 158 0   119 131 60
Expected opening quote:  206 158 0   15 209 162
Expected opening quote:  206 158 0   124 109 121
Expected opening quote:  206 158 0   40 193 44
Expected opening quote:  206 158 0   127 57 37
Expected opening quote:  206 158 0   234 62 208
Expected opening quote:  206 158 0   212 59 150
Expected opening quote:  206 158 0   168 155 227
Expected opening quote:  206 158 0   210 201 33
Expected opening quote:  206 158 0   186 47 187
Expected opening quote:  206 158 0   205 56 28
Expected opening quote:  178 103 62   116 78 174
Expected opening quote:  52 140 158   27 221 219
Expected opening quote:  52 140 158   44 79 15
Expected opening quote:  52 140 158   18 15 181
Expected opening quote:  183 144 80   55 134 54
Expected opening quote:  110 112 0   6 33 253
Expected opening quote:  110 112 0   234 74 118
Expected opening quote:  110 112 0   77 106 11
Expected opening quote:  204 145 114   154 238 38
Expected opening quote:  204 145 114   61 63 50
Expected opening quote:  153 53 0   158 201 155
Expected opening quote:  216 101 62   42 246 201
Expected opening quote:  44 120 137   74 48 41
Expected opening quote:  44 120 137   106 226 37
Expected opening quote:  44 120 137   243 120 39
Expected opening quote:  44 120 137   82 91 155
Expected opening quote:  181 63 0   240 246 234
Expected opening quote:  181 63 0   56 180 128
Expected opening quote:  181 63 0   149 0 199
Expected opening quote:  181 63 0   113 69 42
Expected opening quote:  158 124 105   55 236 19
Expected opening quote:  204 171 155   82 97 238
Expected opening quote:  188 133 81   45 14 36
Expected opening quote:  188 133 81   49 94 33
Expected opening quote:  204 93 34   202 188 79
Expected opening quote:  204 93 34   99 146 25
Expected opening quote:  183 171 152   102 75 234
Expected opening quote:  183 131 47   61 82 44
Expected opening quote:  183 131 47   84 16 73
Expected opening quote:  183 131 47   21 242 173
Expected opening quote:  183 131 47   234 98 194
Expected opening quote:  204 97 40   63 202 244
Expected opening quote:  198 105 47   127 149 171
Expected opening quote:  198 105 47   18 45 84
Expected opening quote:  72 39 150   102 254 89
Expected opening quote:  72 39 150   227 113 36
Expected opening quote:  204 125 108   245 243 32
Expected opening quote:  15 43 96   7 236 184
Expected opening quote:  175 67 0   130 201 87
Expected opening quote:  175 67 0   211 243 103
Expected opening quote:  110 78 105   98 214 83
Expected opening quote:  110 78 105   156 219 133
Expected opening quote:  110 78 105   235 110 105
Expected opening quote:  58 112 0   185 249 104
Expected opening quote:  188 198 197   113 232 238
Expected opening quote:  188 198 197   125 164 101
Expected opening quote:  188 198 197   74 152 56
Expected opening quote:  188 198 197   64 47 209
Expected opening quote:  188 198 197   203 212 156
Expected opening quote:  188 198 197   85 241 2
Expected opening quote:  188 198 197   74 241 111
Expected opening quote:  188 198 197   19 63 77
Expected opening quote:  188 198 197   27 69 7
Expected opening quote:  188 198 197   206 110 8
Expected opening quote:  101 78 55   150 37 186
Expected opening quote:  34 64 99   220 212 135
Expected opening quote:  22 135 8   13 230 219
Expected opening quote:  22 135 8   147 197 32
Expected opening quote:  22 135 8   216 221 194
Expected opening quote:  22 135 8   71 152 41
Expected opening quote:  181 104 81   75 96 194
Expected opening quote:  158 109 83   78 161 247
Expected opening quote:  137 82 0   188 197 50
Expected opening quote:  67 99 77   254 54 222
Expected opening quote:  181 96 70   127 96 102
Expected opening quote:  168 58 0   171 172 53
Expected opening quote:  168 58 0   235 134 181
Expected opening quote:  149 170 135   171 89 81
Expected opening quote:  165 188 164   85 142 115
Expected opening quote:  165 188 164   83 145 135
Expected opening quote:  165 188 164   17 205 246
Expected opening quote:  165 188 164   249 171 44
Expected opening quote:  165 188 164   118 151 147
Expected opening quote:  32 96 64   242 251 150
Expected opening quote:  97 64 99   216 67 159
Expected opening quote:  204 141 108   147 215 26
Expected opening quote:  99 160 69   142 37 112
Expected opening quote:  99 160 69   50 149 13
Expected opening quote:  99 160 69   235 146 91
Expected opening quote:  99 160 69   36 136 197
Expected opening quote:  179 101 101   71 225 182
Expected opening quote:  179 101 101   190 8 152
Expected opening quote:  179 101 101   245 103 213
Expected opening quote:  183 204 194   86 105 217
Expected opening quote:  178 62 0   76 120 14
Expected opening quote:  74 170 135   65 0 224
Expected opening quote:  74 170 135   160 107 183
Expected opening quote:  219 181 94   212 36 0
Expected opening quote:  219 181 94   71 148 37
Expected opening quote:  219 181 94   100 40 144
Expected opening quote:  78 65 56   150 73 172
Expected opening quote:  78 65 56   72 99 228
Expected opening quote:  53 92 168   227 223 163
Expected opening quote:  53 92 168   212 42 83
Expected opening quote:  150 140 135   132 172 95
Expected opening quote:  35 78 105   93 210 49
Expected opening quote:  204 91 30   204 5 53
Expected opening quote:  101 101 101   58 176 212
Expected opening quote:  101 101 101   18 62 122
Expected opening quote:  165 65 56   191 26 145
Expected opening quote:  165 65 56   171 175 132
Expected opening quote:  179 101 191   65 102 189
Expected opening quote:  179 101 191   236 171 168
Expected opening quote:  179 101 191   22 232 174
Expected opening quote:  179 101 191   43 136 59
Expected opening quote:  179 101 191   148 246 185
Expected opening quote:  179 101 191   189 156 147
Expected opening quote:  179 101 191   15 229 52
Expected opening quote:  179 101 191   247 59 5
Expected opening quote:  234 109 93   222 10 115
Expected opening quote:  165 45 8   47 188 231
Expected opening quote:  48 106 150   84 188 204
Expected opening quote:  48 106 150   185 116 141
Expected opening quote:  48 106 150   200 78 149
Expected opening quote:  106 255 86   236 183 78
Expected opening quote:  176 178 119   144 24 35
Expected opening quote:  176 178 119   29 219 126
Expected opening quote:  176 178 119   255 109 202
Expected opening quote:  176 178 119   161 54 114
Expected opening quote:  7 176 255   108 163 225
Expected opening quote:  7 176 255   204 29 129
Expected opening quote:  180 183 0   44 15 189
Expected opening quote:  175 0 82   246 229 255
Expected opening quote:  81 81 81   149 8 179
Expected opening quote:  112 112 112   114 227 66
Expected opening quote:  99 27 27   250 226 24
Expected opening quote:  99 27 27   151 110 159
Expected opening quote:  99 27 27   179 242 66
Expected opening quote:  47 47 99   186 217 107
Expected opening quote:  47 47 99   21 142 134
Expected opening quote:  47 47 99   47 123 252
Expected opening quote:  47 47 99   116 11 57
Expected opening quote:  52 65 175   77 169 167
Expected opening quote:  175 92 80   37 191 177
Expected opening quote:  116 140 122   104 184 194
Malformed line:  
Expected opening quote:  47 151 99   127 255 67
Expected opening quote:  97 146 118   214 254 161
Expected opening quote:  204 140 122   215 32 69
Expected opening quote:  204 204 16   237 207 154
Expected opening quote:  204 204 16   130 119 11
Expected opening quote:  150 146 118   1 130 3
Expected opening quote:  23 104 44   213 90 236
Expected opening quote:  23 104 44   104 107 49
Expected opening quote:  16 76 32   38 30 60
Expected opening quote:  128 62 145   120 224 120
Expected opening quote:  128 62 145   201 25 80
Expected opening quote:  128 62 145   133 54 47
Expected opening quote:  31 62 145   21 160 127
Malformed line: # UO.
Malformed line: "Waltzstadt" 176 255 12
Malformed line: "Berandolium" 0 4 255
Malformed line: UNCOLONISED  174 178 180
Malformed line: UNCOLONISED  232 63 75
Malformed line: UNCOLONISED  205 239 40
Malformed line: UNCOLONISED  198 45 182
Malformed line: UNCOLONISED  63 99 96
Malformed line: UNCOLONISED  161 252 144
Malformed line: UNCOLONISED  89 99 178
Malformed line: UNCOLONISED  208 2 48
Malformed line: UNCOLONISED  113 68 116
Malformed line: UNCOLONISED  166 147 233
Malformed line: UNCOLONISED  219 91 250
Malformed line: UNCOLONISED  122 6 18
Malformed line: UNCOLONISED  238 254 155
Malformed line: UNCOLONISED  162 175 255
Malformed line: UNCOLONISED  255 131 170
Malformed line: UNCOLONISED  113 228 7
Malformed line: UNCOLONISED  99 61 127
Malformed line: UNCOLONISED  62 250 126
Malformed line: UNCOLONISED  110 132 110
Malformed line: UNCOLONISED  94 71 185
Malformed line: UNCOLONISED  120 172 204
Malformed line: UNCOLONISED  39 31 15
Malformed line: UNCOLONISED  213 11 239
Malformed line: UNCOLONISED  237 217 212
Malformed line: UNCOLONISED  217 245 43
Malformed line: UNCOLONISED  5 201 94
Malformed line: UNCOLONISED  220 192 216
Malformed line: UNCOLONISED  199 69 2
Malformed line: UNCOLONISED  49 195 73
Malformed line: UNCOLONISED  134 163 22
Malformed line: UNCOLONISED  47 80 212
Malformed line: UNCOLONISED  151 54 238
Malformed line: UNCOLONISED  42 191 206
Malformed line: UNCOLONISED  81 86 224
Malformed line: UNCOLONISED  120 101 142
Malformed line: UNCOLONISED  9 87 66
Malformed line: UNCOLONISED  111 150 103
Malformed line: UNCOLONISED  20 142 104
Malformed line: UNCOLONISED  99 169 176
Malformed line: UNCOLONISED  199 81 169
Malformed line: UNCOLONISED  170 242 189
Malformed line: UNCOLONISED  120 246 88
Malformed line: UNCOLONISED  154 199 229
Malformed line: UNCOLONISED  123 209 205
Malformed line: UNCOLONISED  135 125 124
Malformed line: UNCOLONISED  39 56 92
Malformed line: UNCOLONISED  199 106 215
Malformed line: UNCOLONISED  209 127 90
Malformed line: UNCOLONISED  175 227 77
Malformed line: UNCOLONISED  205 254 29
Malformed line: UNCOLONISED  149 60 50
Malformed line: UNCOLONISED  114 8 249
Malformed line: UNCOLONISED  206 205 220
Malformed line: UNCOLONISED  20 244 70
Malformed line: UNCOLONISED  175 233 160
Malformed line: UNCOLONISED  10 22 87
Malformed line: UNCOLONISED  142 230 212
Malformed line: UNCOLONISED  167 196 130
Malformed line: UNCOLONISED  192 26 204
Malformed line: UNCOLONISED  67 83 28
Malformed line: UNCOLONISED  154 217 222
Malformed line: UNCOLONISED  49 24 124
Malformed line: UNCOLONISED  114 122 96
Malformed line: UNCOLONISED  200 106 245
Malformed line: UNCOLONISED  157 82 166
Malformed line: UNCOLONISED  92 156 222
Malformed line: UNCOLONISED  112 181 7
Malformed line: UNCOLONISED  67 5 139
Malformed line: UNCOLONISED  64 249 214
Malformed line: UNCOLONISED  210 250 83
Malformed line: UNCOLONISED  100 116 107
Malformed line: UNCOLONISED  95 209 138
Malformed line: UNCOLONISED  48 123 26
Malformed line: UNCOLONISED  63 221 133
Malformed line: UNCOLONISED  249 99 56
Malformed line: UNCOLONISED  200 118 155
Malformed line: UNCOLONISED  22 129 27
Malformed line: UNCOLONISED  78 240 32
Malformed line: UNCOLONISED  219 44 23
Malformed line: UNCOLONISED  39 160 106
Malformed line: UNCOLONISED  157 183 132
Malformed line: UNCOLONISED  168 220 206
Malformed line: UNCOLONISED  178 121 181
Malformed line: UNCOLONISED  39 249 162
Malformed line: UNCOLONISED  112 199 0
Malformed line: UNCOLONISED  249 77 58
Malformed line: UNCOLONISED  43 246 186
Malformed line: UNCOLONISED  115 45 236
Malformed line: UNCOLONISED  58 92 58
Malformed line: UNCOLONISED  234 237 14
Malformed line: UNCOLONISED  240 77 211
Malformed line: UNCOLONISED  181 229 244
Malformed line: UNCOLONISED  164 32 220
Malformed line: UNCOLONISED  40 104 244
Malformed line: UNCOLONISED  171 41 169
Malformed line: UNCOLONISED  153 204 100
Malformed line: UNCOLONISED  91 190 145
Malformed line: UNCOLONISED  92 103 153
Malformed line: UNCOLONISED  8 52 232
Malformed line: UNCOLONISED  200 142 232
Malformed line: UNCOLONISED  8 225 3
Malformed line: UNCOLONISED  50 150 166
Malformed line: UNCOLONISED  176 25 57
Malformed line: UNCOLONISED  238 213 40
Malformed line: UNCOLONISED  86 51 222
Malformed line: UNCOLONISED  83 159 197
Malformed line: UNCOLONISED  79 131 72
Malformed line: UNCOLONISED  182 74 210
Malformed line: UNCOLONISED  241 95 204
Malformed line: UNCOLONISED  107 44 163
Malformed line: UNCOLONISED  143 28 192
Malformed line: UNCOLONISED  201 154 142
Malformed line: UNCOLONISED  129 16 120
Malformed line: UNCOLONISED  36 233 232
Malformed line: UNCOLONISED  27 144 74
Malformed line: UNCOLONISED  210 111 8
Malformed line: UNCOLONISED  179 241 140
Malformed line: UNCOLONISED  41 128 65
Malformed line: UNCOLONISED  158 136 146
Malformed line: UNCOLONISED  125 115 234
Malformed line: UNCOLONISED  49 171 178
Malformed line: UNCOLONISED  36 156 87
Malformed line: UNCOLONISED  193 176 66
Malformed line: UNCOLONISED  116 81 223
Malformed line: UNCOLONISED  165 235 151
Malformed line: UNCOLONISED  193 231 214
Malformed line: UNCOLONISED  49 177 6
Malformed line: UNCOLONISED  97 180 145
Malformed line: UNCOLONISED  187 89 228
Malformed line: UNCOLONISED  169 12 103
Malformed line: UNCOLONISED  151 56 134
Malformed line: UNCOLONISED  239 70 172
Malformed line: UNCOLONISED  28 162 67
Malformed line: UNCOLONISED  136 182 182
Malformed line: UNCOLONISED  158 238 112
Malformed line: UNCOLONISED  201 179 218
Malformed line: UNCOLONISED  116 112 97
Malformed line: UNCOLONISED  8 144 110
Malformed line: UNCOLONISED  241 126 108
Malformed line: UNCOLONISED  154 164 198
Malformed line: UNCOLONISED  109 109 230
Malformed line: UNCOLONISED  212 67 56
Malformed line: UNCOLONISED  59 146 38
Malformed line: UNCOLONISED  12 196 26
Malformed line: UNCOLONISED  177 68 127
Malformed line: UNCOLONISED  150 123 192
Malformed line: UNCOLONISED  38 214 72
Malformed line: UNCOLONISED  201 191 128
Malformed line: UNCOLONISED  237 159 213
Malformed line: UNCOLONISED  250 227 176
Malformed line: UNCOLONISED  92 244 125
Malformed line: UNCOLONISED  126 62 165
Malformed line: UNCOLONISED  201 43 148
Malformed line: UNCOLONISED  170 37 179
Malformed line: UNCOLONISED  137 151 111
Malformed line: UNCOLONISED  211 237 50
Malformed line: UNCOLONISED  242 144 101
Malformed line: UNCOLONISED  80 235 116
Malformed line: UNCOLONISED  88 105 202
Malformed line: UNCOLONISED  116 117 209
Malformed line: UNCOLONISED  17 122 244
Malformed line: UNCOLONISED  151 225 158
Malformed line: UNCOLONISED  114 22 56
Malformed line: UNCOLONISED  12 131 47
Malformed line: UNCOLONISED  209 147 236
Malformed line: UNCOLONISED  42 177 218
Malformed line: UNCOLONISED  130 71 100
1 Illiana
2 Duxe
3 Eleana
4 Renaria
5 Erretia
6 Perellia
7 Avareria
8 Pondelia
9 Vong
10 Iverian
11 Lignitz
12 Thea
13 Therea
14 Aviel
15 Gorgon
16 Bazar
17 Varidad
18 Arctum
19 Vola
20 Arctae Majoris
21 Bate
22 Esteria
23 Fjordhaven
24 Fun
25 Hoom
26 Bist
27 Kirilia
28 Aroma
29 Great Ice
30 Icelands
31 Tetiolae
32 Cranjola
33 Newlands
34 Badaw
35 Kookanut
36 Volvoga
37 Grechia
38 Riverland
39 Alleyi
40 Bandai
41 Kruger
42 Mercury Heights
43 Mercury
44 Qiri
45 Shelaw
46 Saileyi
47 Casatia
48 Brananthe
49 Agaroil
50 West Arcturia
51 Arcturia
