0 Auckland 7800096  
1 Vista 11995441  
2 Oldham 13830713  
3 Wallow 10815533  
4 Zules 11012141  
5 Doggough 15359341  
6 Porfyrria 4137754  
7 Pijon 8998201  
8 Avon 5517091  
9 Anetto 6534342  
10 Pierie 5676461  
11 Merobaudes 802577  
12 Gudule 3007039  
13 Bloix 1003286  
14 Rosselieu 814366  
15 Volaire 2606134  
16 Les Paroisses Unies 4700496  
17 Oreamure 3968068  
18 Genoghie-Arenaria 1871399  
19 Laval 1471008  
20 Melijollid 13500574  
21 San Jorge Guerrero 16711848  
22 Kalabrahal 13392305  
23 Lor 8978514  
24 Quarazh 9144319  
25 Limeria 6969087  
26 Kani 1443975  
27 N'ghahan 10855612  
28 Kaiserhof 11862079  
29 Nordostkolonie 10038090  
30 Lotharingen 10485816  
31 Nordreich 11868480  
32 Hamm 13500747  
33 Galore 11468867  
34 Papen 13378141  
35 Flussen 13379681  
36 Neu-Flussen 11010106  
37 Banke 11665470  
38 Rigelstadt 13392759  
39 Stauffenberg 13377115  
40 Petesberg 11882856  
41 Upper Lienau 13397117  
42 Halle 12341637  
43 Dirke 12988265  
44 Volkstadt 11678036  
45 Riemanniche 11681383  
46 Rebrandt-Ostersee 15896249  
47 Briggenau 13395602  
48 Montaine 13516899  
49 Eick 12347269  
50 Arhus 10027061  
51 Vaud 14171749  
52 Rugel 14830990  
53 Osterstadt 12005251  
54 Gosse 8978480  
55 Rennes 10038584  
56 Mittelbraun 11468843  
57 Ostbraun 13500467  
58 Norbraun 12325950  
59 Flussenbraun 14155830  
60 Kriegheim 13398673  
61 Fluwerpen 13409195  
62 Merlin 10381692  
63 Lichtstadt 10376045  
64 Dolin 13397133  
65 Amsee 9865100  
66 Margiela 12042956  
67 Neustadt 9527666  
68 Landhuz 9937064  
69 Kiepler 7819358  
70 Dirac 6837082  
71 Epp 12880803  
72 Soldatstadt 4139319  
73 Unerheblichostersee 12032171  
74 Kronne 7699586  
75 Neu Epp 15900115  
76 Fioren 13183818  
77 Barattie 12013712  
78 Seelore 10042712  
79 Oberostsee 10175860  
80 Webber 8993643  
81 Machtstadt 8987488  
82 Neuen 10831490  
83 Oberneuen 5648189  
84 Nordstadt 10043764  
85 Mittelkolonie 10828405  
86 Bogdt 11877743  
87 Zulifer 13387124  
88 Kerman 11681406  
89 Gottheim 13002613  
90 Einz 8663904  
91 Telau 9004145  
92 Um 13407400  
93 Ohm 16729991  
94 Oberohm 10048871  
95 Peletz 8988013  
96 Yule 8992882  
97 Hohenstadt 7816279  
98 Weissblume 13004688  
99 Orh 7806264  
100 Jerme 7355727  
101 Catte 5510439  
102 Sudherzogtum 11880032  
103 Porto Marina 2918776  
104 Santa Marina 3448460  
105 Papal State 15366630  
106 Saint Riviera 15359437  
107 Saint Markkus 15366605  
108 Saint Erique 14363087  
109 Saint Anna 15335650  
110 Saint Germain 16711922  
111 Boion 6315070  
112 Enetezi 7173476  
113 Glamore 6517311  
114 Glamor 10712409  
115 O'Hara 7173523  
116 Blue Cross 11403201  
117 Jan Mallen 13041621  
118 Kolmark Union 6488070  
119 Kolmark 12371398  
120 Old Counties 11779941  
121 North Herakleion 5329233  
122 South Herakleion 7368816  
123 Pateles 6495003  
124 Verilium 3105583  
125 Mountain Republic 6505888  
126 Great Mizithras 14376629  
127 Valery 11564978  
128 Pognolia 11489792  
129 Orniah 9860754  
130 Denarium 3105687  
131 Haalan 3452993  
132 Dalmarium 11489372  
133 Arismari 6387346  
134 Kukanuu 1518696  
135 Bobototonga 1056844  
136 Hammanah 8425790  
137 Sommer 2068798  
138 Baba Nagal 6114178  
139 Theodorium 524208  
140 Armorium 3184234  
141 Marnonga 11796663  
142 Baragan 13373644  
143 Gillis 7633548  
144 Vindor 13400716  
145 Affion 10827841  
146 Pruzze 3516508  
147 Kanone 6645093  
148 Dual Commonwealth 11756901  
149 Olvile 5126209  
150 Lokkad 4884394  
151 Ashkad 4757031  
152 Gneisenau 9799594  
153 Croeler 3080240  
154 Liberland 7209073  
155 Northen Duchy 4718665  
156 Pierisia 6306321  
157 Iol 3818058  
158 Assur 10371658  
159 Gavala 10979208  
160 Waterhill 4801066  
161 Pecos 9016913  
162 Vazhai 9017010  
163 Totale 9931128  
164 Lake Cities 10373997  
165 Shinghizhian 11584673  
166 Jinghuan 12966838  
167 Nanai 14151622  
168 Kirigai 13559230  
169 Heavenly Kingdom 12657823  
170 Guanxhi 14166450  
171 Vitala 14691521  
172 Khagaria 4989509  
173 Janaria 5002565  
174 Pii 3892038  
175 Poolo 8585094  
176 Kiipi 2722915  
177 Eqie 11599794  
178 Loo 5605207  
179 Uule 16755333  
180 Isnia 9043888  
181 Axxa 4558439  
182 Natt 3182222  
183 Ool 11534235  
184 Suo 10201235  
185 Embarga 10201255  
186 Alois 10201343  
187 Bala 10201208  
188 Col 4106407  
189 Vanghuazi 14404044  
190 Fuanxi 8556919  
191 Erhuangzhi 12993327  
192 Xeria 15683897  
193 Julia-Magrada 6581700  
194 Goodman 5200265  
195 Thalia 7235918  
196 Maria 6382400  
197 Blanca Mana 2320718  
198 Clarke 2113632  
199 Livirium 6633294  
200 Lomar 4410723  
201 Zenevie 3801200  
202 Yianna 2253632  
203 Biiria-Avram 1007659  
204 United Commonwealths of Westhall 2446392  
205 New Landing 3371598  
206 Suhkara 4562590  
207 Kanade 7144704  
208 Shinji 11994368  
209 Mihishima 15338240  
210 Disire 4545874  
211 Osa 7158138  
212 United Duchies 6881438  
213 Rimera 5257594  
214 Concord 8407451  
215 Jevril 5917050  
216 Ogg'dtberg 8872091  
217 Veneri 7429017  
218 Groener 6315102  
219 Noske 4492351  
220 Freikorp 16774542  
221 Batltitia 16735630  
222 Welmar 4087182  
223 Tyriel 4033644  
224 Ostyriel 6130787  
225 Antiriel 2171169  
226 Velvelot 5212520  
227 Wottier 3639642  
228 Prunel 3639614  
229 Engels 11996765  
230 Njol 12020061  
231 Ludeland State 2392620  
232 Ludeland 11499428  
233 The Governorate 7185703  
234 Falatzen 6398845  
235 Franconie 4353603  
236 Siera-Perideaux 6923652  
237 Lothair-Saint Erz 6926239  
238 Abbote 5142436  
239 Conclavia 5142350  
240 Penelope 7689585  
241 Herztog 9664334  
242 Pointe 7689650  
243 Bolle 7629130  
244 Author 6671564  
245 Girible 6828342  
246 Oppala 6910542  
247 Lupara 4090263  
248 Uxiana 14707095  
249 Illiana 6671438  
250 Eleana 7893582  
251 Pelagia 5207159  
252 Peleti 4349367  
253 Piridieti 2975301  
254 Romangha 9067959  
255 Erretanuia 10169907  
256 Lupen 11875898  
257 Upper Duchy 12663358  
258 Middle Duchy 13188161  
259 Lower Duchy 14041157  
260 Duxe Province 14697288  
261 Akkrada Province 11022902  
262 New Lupen 14707016  
263 United Provinces Of Southern Westhall 5620053  
264 New Port 4495684  
265 United Provinces Of Southern Austoria 9346714  
266 United Provinces Of Austoria 5620138  
267 Progoda 5863579  
268 Qiridiyah 5675711  
269 Nananite Qiridia 11955603  
270 Migitia 6374990  
271 Fiol 6375036  
272 Teurotia 13222853  
273 South Qrana 6382035  
274 Qrana 5658300  
275 North Qrana 4737182  
276 Violenz 13222784  
277 Rineria 6144896  
278 Middle Westhall 4903765  
279 Qiriyadaziz 6121856  
280 Taullens 6397545  
281 Qini-Qadar 6384023  
282 Moskov 11692416  
283 Novhall 6121802  
284 Westhall Archbishopry 4633930  
285 Barbaria 4597578  
286 Saint Halle 4081982  
287 Sunderland 8931646  
288 Greater Greenhill 8931689  
289 Old Greenhill 8874375  
290 Redhill 12535880  
291 The Westhall Admiralty 1032051  
292 Goll-Gastogne 3816999  
293 Prianda 8874318  
294 Lovelhaus 3817047  
295 Dawnbreak 3817057  
296 Occelot 30720  
297 Krama 3831639  
298 Polymeria 5202062  
299 Monomeria 16726141  
300 Grandhall 16711858  
301 Libernia 6499268  
302 Angelberg 5651002  
303 Dole 11039346  
304 Monkhe 13536396  
305 Honstadt 9527906  
306 Sudetana 16230568  
307 Mertz 14390677  
308 Lower Mertz 5595746  
309 New Mountain 4206432  
310 Riva 6312252  
311 Derby-Pool 4903866  
312 Pollong 6121545  
313 Ends 11976366  
